<?xml version="1.0" encoding="UTF-8"?>
<testsuite name="test.TestBase" tests="1" skipped="0" failures="0" errors="0" timestamp="2019-10-09T13:37:06" hostname="LAPTOP-QSAH0PNH" time="4.93">
  <properties/>
  <testcase name="logIn" classname="test.TestBase" time="4.93"/>
  <system-out><![CDATA[]]></system-out>
  <system-err><![CDATA[]]></system-err>
</testsuite>
